{
  "RSpec": {
    "coverage": {
      "/Users/notmarkmiranda/turing/4module/projects/thoughtbox/app/helpers/application_helper.rb": [
        1,
        null
      ],
      "/Users/notmarkmiranda/turing/4module/projects/thoughtbox/app/helpers/pages_helper.rb": [
        1,
        null
      ],
      "/Users/notmarkmiranda/turing/4module/projects/thoughtbox/app/controllers/links_controller.rb": [
        1,
        1,
        null,
        1,
        22,
        null,
        null,
        1,
        5,
        5,
        2,
        2,
        null,
        3,
        3,
        null,
        null,
        null,
        1,
        5,
        null,
        null,
        1,
        6,
        6,
        3,
        3,
        null,
        3,
        3,
        null,
        null,
        null,
        1,
        null,
        1,
        11,
        null,
        null
      ],
      "/Users/notmarkmiranda/turing/4module/projects/thoughtbox/app/controllers/application_controller.rb": [
        1,
        null,
        null,
        1,
        1,
        null,
        1,
        98,
        null,
        null,
        1,
        39,
        null,
        null,
        1,
        0,
        null,
        null
      ],
      "/Users/notmarkmiranda/turing/4module/projects/thoughtbox/app/controllers/pages_controller.rb": [
        1,
        1,
        1,
        null,
        null
      ],
      "/Users/notmarkmiranda/turing/4module/projects/thoughtbox/app/models/link.rb": [
        1,
        1,
        1,
        1,
        1,
        null
      ],
      "/Users/notmarkmiranda/turing/4module/projects/thoughtbox/app/models/user.rb": [
        1,
        1,
        1,
        1,
        null
      ],
      "/Users/notmarkmiranda/turing/4module/projects/thoughtbox/app/controllers/sessions_controller.rb": [
        1,
        1,
        null,
        null,
        1,
        8,
        8,
        8,
        8,
        8,
        null,
        0,
        0,
        null,
        null,
        null,
        1,
        1,
        1,
        null,
        null
      ],
      "/Users/notmarkmiranda/turing/4module/projects/thoughtbox/app/controllers/users_controller.rb": [
        1,
        1,
        3,
        null,
        null,
        1,
        3,
        3,
        1,
        1,
        1,
        null,
        2,
        2,
        null,
        null,
        null,
        1,
        null,
        1,
        3,
        null,
        null
      ],
      "/Users/notmarkmiranda/turing/4module/projects/thoughtbox/app/controllers/api/v1/links_controller.rb": [
        1,
        1,
        null,
        1,
        1,
        1,
        1,
        null,
        null,
        null,
        1,
        1,
        1,
        null,
        null
      ],
      "/Users/notmarkmiranda/turing/4module/projects/thoughtbox/app/controllers/api/v1/base_controller.rb": [
        1,
        1,
        null
      ]
    },
    "timestamp": 1470156690
  }
}
